[debug] [2025-04-06T07:26:12.106Z] ----------------------------------------------------------------------
[debug] [2025-04-06T07:26:12.108Z] Command:       /Users/blackcorp/node_modules/node/bin/node /opt/homebrew/bin/firebase functions:shell
[debug] [2025-04-06T07:26:12.108Z] CLI Version:   14.0.0
[debug] [2025-04-06T07:26:12.108Z] Platform:      darwin
[debug] [2025-04-06T07:26:12.108Z] Node Version:  v22.8.0
[debug] [2025-04-06T07:26:12.109Z] Time:          Sun Apr 06 2025 14:26:12 GMT+0700 (Indochina Time)
[debug] [2025-04-06T07:26:12.109Z] ----------------------------------------------------------------------
[debug] 
[debug] [2025-04-06T07:26:12.199Z] > command requires scopes: ["email","openid","https://www.googleapis.com/auth/cloudplatformprojects.readonly","https://www.googleapis.com/auth/firebase","https://www.googleapis.com/auth/cloud-platform"]
[debug] [2025-04-06T07:26:12.199Z] > authorizing via signed-in user (bizhubcambodia@gmail.com)
[debug] [2025-04-06T07:26:12.199Z] [iam] checking project bizhub-cambodia for permissions ["firebase.projects.get"]
[debug] [2025-04-06T07:26:12.200Z] Checked if tokens are valid: true, expires at: 1743927577681
[debug] [2025-04-06T07:26:12.200Z] Checked if tokens are valid: true, expires at: 1743927577681
[debug] [2025-04-06T07:26:12.200Z] >>> [apiv2][query] POST https://cloudresourcemanager.googleapis.com/v1/projects/bizhub-cambodia:testIamPermissions [none]
[debug] [2025-04-06T07:26:12.200Z] >>> [apiv2][(partial)header] POST https://cloudresourcemanager.googleapis.com/v1/projects/bizhub-cambodia:testIamPermissions x-goog-quota-user=projects/bizhub-cambodia
[debug] [2025-04-06T07:26:12.200Z] >>> [apiv2][body] POST https://cloudresourcemanager.googleapis.com/v1/projects/bizhub-cambodia:testIamPermissions {"permissions":["firebase.projects.get"]}
[debug] [2025-04-06T07:26:13.471Z] <<< [apiv2][status] POST https://cloudresourcemanager.googleapis.com/v1/projects/bizhub-cambodia:testIamPermissions 200
[debug] [2025-04-06T07:26:13.471Z] <<< [apiv2][body] POST https://cloudresourcemanager.googleapis.com/v1/projects/bizhub-cambodia:testIamPermissions {"permissions":["firebase.projects.get"]}
[warn] ⚠  functions: Functions Emulator unable to start on port 5000, starting on 5001 instead. {"metadata":{"emulator":{"name":"functions"},"message":"Functions Emulator unable to start on port 5000, starting on 5001 instead."}}
[debug] [2025-04-06T07:26:13.686Z] [functions] Functions Emulator only supports listening on one address (127.0.0.1). Not listening on ::1
[debug] [2025-04-06T07:26:13.745Z] defaultcredentials: writing to file /Users/blackcorp/.config/firebase/bizhubcambodia_gmail_com_application_default_credentials.json
[debug] [2025-04-06T07:26:13.746Z] DEBUG: Setting GAC to /Users/blackcorp/.config/firebase/bizhubcambodia_gmail_com_application_default_credentials.json
[debug] [2025-04-06T07:26:13.746Z] Checked if tokens are valid: true, expires at: 1743927577681
[debug] [2025-04-06T07:26:13.746Z] Checked if tokens are valid: true, expires at: 1743927577681
[debug] [2025-04-06T07:26:13.746Z] >>> [apiv2][query] GET https://firebase.googleapis.com/v1beta1/projects/bizhub-cambodia/adminSdkConfig [none]
[debug] [2025-04-06T07:26:15.123Z] <<< [apiv2][status] GET https://firebase.googleapis.com/v1beta1/projects/bizhub-cambodia/adminSdkConfig 200
[debug] [2025-04-06T07:26:15.123Z] <<< [apiv2][body] GET https://firebase.googleapis.com/v1beta1/projects/bizhub-cambodia/adminSdkConfig {"projectId":"bizhub-cambodia","databaseURL":"https://bizhub-cambodia-default-rtdb.firebaseio.com","storageBucket":"bizhub-cambodia.appspot.com","locationId":"us-central"}
[debug] [2025-04-06T07:26:15.139Z] [functions] Watching "/Users/blackcorp/Desktop/NodeJs/BizHub-Server/functions" for Cloud Functions...
[debug] [2025-04-06T07:26:15.144Z] Validating nodejs source
[warn] ⚠  functions: package.json indicates an outdated version of firebase-functions. Please upgrade using npm install --save firebase-functions@latest in your functions directory. 
[warn] ⚠  functions: Please note that there will be breaking changes when you upgrade. 
[debug] [2025-04-06T07:26:15.764Z] > [functions] package.json contents: {
  "name": "functions",
  "description": "Cloud Functions for Firebase",
  "scripts": {
    "serve": "firebase emulators:start --only functions",
    "shell": "firebase functions:shell",
    "start": "npm run shell",
    "deploy": "firebase deploy --only functions",
    "logs": "firebase functions:log"
  },
  "engines": {
    "node": "18"
  },
  "main": "index.js",
  "dependencies": {
    "firebase-admin": "^10.0.2",
    "firebase-functions": "^3.18.0",
    "multer": "^1.4.5-lts.2"
  },
  "devDependencies": {
    "firebase-functions-test": "^0.2.0"
  },
  "private": true
}
[debug] [2025-04-06T07:26:15.764Z] Building nodejs source
[debug] [2025-04-06T07:26:15.764Z] Failed to find version of module node: reached end of search path /Users/blackcorp/Desktop/NodeJs/BizHub-Server/functions/node_modules
[warn] ⚠  functions: Your requested "node" version "18" doesn't match your global version "22". Using node@22 from host. 
[info] i  functions: You are using a version of firebase-functions SDK (3.24.1) that does not have support for the newest Firebase Extensions features. Please update firebase-functions SDK to >=5.1.0 to use them correctly 
[debug] [2025-04-06T07:26:15.765Z] Could not find functions.yaml. Must use http discovery
[debug] [2025-04-06T07:26:15.769Z] Found firebase-functions binary at '/Users/blackcorp/Desktop/NodeJs/BizHub-Server/functions/node_modules/.bin/firebase-functions'
[info] Serving at port 8906

[info] Server is running on 8085

[debug] [2025-04-06T07:26:16.078Z] Got response from /__/functions.yaml {"endpoints":{"api":{"platform":"gcfv1","httpsTrigger":{},"entryPoint":"api"}},"specVersion":"v1alpha1","requiredAPIs":[]}
[info] shutdown requested via /__/quitquitquit

[debug] [2025-04-06T07:26:26.099Z] [functions] Loaded functions definitions from source: api.
[debug] [2025-04-06T07:26:26.103Z] [functions[us-central1-api]] http function initialized (http://127.0.0.1:5001/bizhub-cambodia/us-central1/api).
[info] i  functions: Loaded functions: api 
[warn] ⚠  functions: The following emulators are not running, calls to these services will affect production: firestore, database, pubsub, storage, eventarc, tasks 
[debug] [2025-04-06T07:26:41.053Z] DEBUG: File /Users/blackcorp/Desktop/NodeJs/BizHub-Server/functions/index.js changed, reloading triggers
[debug] [2025-04-06T07:26:41.150Z] DEBUG: File /Users/blackcorp/Desktop/NodeJs/BizHub-Server/functions/index.js changed, reloading triggers
[debug] [2025-04-06T07:26:42.153Z] Validating nodejs source
[warn] ⚠  functions: package.json indicates an outdated version of firebase-functions. Please upgrade using npm install --save firebase-functions@latest in your functions directory. 
[warn] ⚠  functions: Please note that there will be breaking changes when you upgrade. 
[debug] [2025-04-06T07:26:42.596Z] > [functions] package.json contents: {
  "name": "functions",
  "description": "Cloud Functions for Firebase",
  "scripts": {
    "serve": "firebase emulators:start --only functions",
    "shell": "firebase functions:shell",
    "start": "npm run shell",
    "deploy": "firebase deploy --only functions",
    "logs": "firebase functions:log"
  },
  "engines": {
    "node": "18"
  },
  "main": "index.js",
  "dependencies": {
    "firebase-admin": "^10.0.2",
    "firebase-functions": "^3.18.0",
    "multer": "^1.4.5-lts.2"
  },
  "devDependencies": {
    "firebase-functions-test": "^0.2.0"
  },
  "private": true
}
[debug] [2025-04-06T07:26:42.596Z] Building nodejs source
[debug] [2025-04-06T07:26:42.596Z] Failed to find version of module node: reached end of search path /Users/blackcorp/Desktop/NodeJs/BizHub-Server/functions/node_modules
[warn] ⚠  functions: Your requested "node" version "18" doesn't match your global version "22". Using node@22 from host. 
[info] i  functions: You are using a version of firebase-functions SDK (3.24.1) that does not have support for the newest Firebase Extensions features. Please update firebase-functions SDK to >=5.1.0 to use them correctly 
[debug] [2025-04-06T07:26:42.596Z] Could not find functions.yaml. Must use http discovery
[debug] [2025-04-06T07:26:42.597Z] Found firebase-functions binary at '/Users/blackcorp/Desktop/NodeJs/BizHub-Server/functions/node_modules/.bin/firebase-functions'
[info] Serving at port 8197

[info] Server is running on 8085

[debug] [2025-04-06T07:26:42.896Z] Got response from /__/functions.yaml {"endpoints":{"api":{"platform":"gcfv1","httpsTrigger":{},"entryPoint":"api"}},"specVersion":"v1alpha1","requiredAPIs":[]}
[info] shutdown requested via /__/quitquitquit

[debug] [2025-04-06T07:26:52.906Z] [functions] Loaded functions definitions from source: api.
[debug] [2025-04-06T07:27:13.542Z] ----------------------------------------------------------------------
[debug] [2025-04-06T07:27:13.543Z] Command:       /Users/blackcorp/node_modules/node/bin/node /opt/homebrew/bin/firebase functions:shell
[debug] [2025-04-06T07:27:13.544Z] CLI Version:   14.0.0
[debug] [2025-04-06T07:27:13.544Z] Platform:      darwin
[debug] [2025-04-06T07:27:13.544Z] Node Version:  v22.8.0
[debug] [2025-04-06T07:27:13.544Z] Time:          Sun Apr 06 2025 14:27:13 GMT+0700 (Indochina Time)
[debug] [2025-04-06T07:27:13.544Z] ----------------------------------------------------------------------
[debug] 
[debug] [2025-04-06T07:27:13.630Z] > command requires scopes: ["email","openid","https://www.googleapis.com/auth/cloudplatformprojects.readonly","https://www.googleapis.com/auth/firebase","https://www.googleapis.com/auth/cloud-platform"]
[debug] [2025-04-06T07:27:13.630Z] > authorizing via signed-in user (bizhubcambodia@gmail.com)
[debug] [2025-04-06T07:27:13.630Z] [iam] checking project bizhub-cambodia for permissions ["firebase.projects.get"]
[debug] [2025-04-06T07:27:13.631Z] Checked if tokens are valid: true, expires at: 1743927577681
[debug] [2025-04-06T07:27:13.631Z] Checked if tokens are valid: true, expires at: 1743927577681
[debug] [2025-04-06T07:27:13.631Z] >>> [apiv2][query] POST https://cloudresourcemanager.googleapis.com/v1/projects/bizhub-cambodia:testIamPermissions [none]
[debug] [2025-04-06T07:27:13.631Z] >>> [apiv2][(partial)header] POST https://cloudresourcemanager.googleapis.com/v1/projects/bizhub-cambodia:testIamPermissions x-goog-quota-user=projects/bizhub-cambodia
[debug] [2025-04-06T07:27:13.631Z] >>> [apiv2][body] POST https://cloudresourcemanager.googleapis.com/v1/projects/bizhub-cambodia:testIamPermissions {"permissions":["firebase.projects.get"]}
[debug] [2025-04-06T07:27:14.858Z] <<< [apiv2][status] POST https://cloudresourcemanager.googleapis.com/v1/projects/bizhub-cambodia:testIamPermissions 200
[debug] [2025-04-06T07:27:14.858Z] <<< [apiv2][body] POST https://cloudresourcemanager.googleapis.com/v1/projects/bizhub-cambodia:testIamPermissions {"permissions":["firebase.projects.get"]}
[warn] ⚠  functions: Functions Emulator unable to start on port 5000, starting on 5001 instead. {"metadata":{"emulator":{"name":"functions"},"message":"Functions Emulator unable to start on port 5000, starting on 5001 instead."}}
[debug] [2025-04-06T07:27:15.052Z] [functions] Functions Emulator only supports listening on one address (127.0.0.1). Not listening on ::1
[debug] [2025-04-06T07:27:15.058Z] defaultcredentials: writing to file /Users/blackcorp/.config/firebase/bizhubcambodia_gmail_com_application_default_credentials.json
[debug] [2025-04-06T07:27:15.059Z] DEBUG: Setting GAC to /Users/blackcorp/.config/firebase/bizhubcambodia_gmail_com_application_default_credentials.json
[debug] [2025-04-06T07:27:15.060Z] Checked if tokens are valid: true, expires at: 1743927577681
[debug] [2025-04-06T07:27:15.060Z] Checked if tokens are valid: true, expires at: 1743927577681
[debug] [2025-04-06T07:27:15.060Z] >>> [apiv2][query] GET https://firebase.googleapis.com/v1beta1/projects/bizhub-cambodia/adminSdkConfig [none]
[debug] [2025-04-06T07:27:16.195Z] <<< [apiv2][status] GET https://firebase.googleapis.com/v1beta1/projects/bizhub-cambodia/adminSdkConfig 200
[debug] [2025-04-06T07:27:16.195Z] <<< [apiv2][body] GET https://firebase.googleapis.com/v1beta1/projects/bizhub-cambodia/adminSdkConfig {"projectId":"bizhub-cambodia","databaseURL":"https://bizhub-cambodia-default-rtdb.firebaseio.com","storageBucket":"bizhub-cambodia.appspot.com","locationId":"us-central"}
[debug] [2025-04-06T07:27:16.207Z] [functions] Watching "/Users/blackcorp/Desktop/NodeJs/BizHub-Server/functions" for Cloud Functions...
[debug] [2025-04-06T07:27:16.210Z] Validating nodejs source
[warn] ⚠  functions: package.json indicates an outdated version of firebase-functions. Please upgrade using npm install --save firebase-functions@latest in your functions directory. 
[warn] ⚠  functions: Please note that there will be breaking changes when you upgrade. 
[debug] [2025-04-06T07:27:16.804Z] > [functions] package.json contents: {
  "name": "functions",
  "description": "Cloud Functions for Firebase",
  "scripts": {
    "serve": "firebase emulators:start --only functions",
    "shell": "firebase functions:shell",
    "start": "npm run shell",
    "deploy": "firebase deploy --only functions",
    "logs": "firebase functions:log"
  },
  "engines": {
    "node": "18"
  },
  "main": "index.js",
  "dependencies": {
    "firebase-admin": "^10.0.2",
    "firebase-functions": "^3.18.0",
    "multer": "^1.4.5-lts.2"
  },
  "devDependencies": {
    "firebase-functions-test": "^0.2.0"
  },
  "private": true
}
[debug] [2025-04-06T07:27:16.805Z] Building nodejs source
[debug] [2025-04-06T07:27:16.805Z] Failed to find version of module node: reached end of search path /Users/blackcorp/Desktop/NodeJs/BizHub-Server/functions/node_modules
[warn] ⚠  functions: Your requested "node" version "18" doesn't match your global version "22". Using node@22 from host. 
[info] i  functions: You are using a version of firebase-functions SDK (3.24.1) that does not have support for the newest Firebase Extensions features. Please update firebase-functions SDK to >=5.1.0 to use them correctly 
[debug] [2025-04-06T07:27:16.806Z] Could not find functions.yaml. Must use http discovery
[debug] [2025-04-06T07:27:16.809Z] Found firebase-functions binary at '/Users/blackcorp/Desktop/NodeJs/BizHub-Server/functions/node_modules/.bin/firebase-functions'
[info] Serving at port 8916

[info] Server is running on 8085

[debug] [2025-04-06T07:27:16.980Z] Got response from /__/functions.yaml {"endpoints":{"api":{"platform":"gcfv1","httpsTrigger":{},"entryPoint":"api"}},"specVersion":"v1alpha1","requiredAPIs":[]}
[info] shutdown requested via /__/quitquitquit

[debug] [2025-04-06T07:27:27.004Z] [functions] Loaded functions definitions from source: api.
[debug] [2025-04-06T07:27:27.005Z] [functions[us-central1-api]] http function initialized (http://127.0.0.1:5001/bizhub-cambodia/us-central1/api).
[info] i  functions: Loaded functions: api 
[warn] ⚠  functions: The following emulators are not running, calls to these services will affect production: firestore, database, pubsub, storage, eventarc, tasks 
[debug] [2025-04-06T07:28:14.316Z] DEBUG: File /Users/blackcorp/Desktop/NodeJs/BizHub-Server/functions/index.js changed, reloading triggers
[debug] [2025-04-06T07:28:14.516Z] DEBUG: File /Users/blackcorp/Desktop/NodeJs/BizHub-Server/functions/index.js changed, reloading triggers
[debug] [2025-04-06T07:28:14.618Z] DEBUG: File /Users/blackcorp/Desktop/NodeJs/BizHub-Server/functions/index.js changed, reloading triggers
[debug] [2025-04-06T07:28:15.622Z] Validating nodejs source
[warn] ⚠  functions: package.json indicates an outdated version of firebase-functions. Please upgrade using npm install --save firebase-functions@latest in your functions directory. 
[warn] ⚠  functions: Please note that there will be breaking changes when you upgrade. 
[debug] [2025-04-06T07:28:16.075Z] > [functions] package.json contents: {
  "name": "functions",
  "description": "Cloud Functions for Firebase",
  "scripts": {
    "serve": "firebase emulators:start --only functions",
    "shell": "firebase functions:shell",
    "start": "npm run shell",
    "deploy": "firebase deploy --only functions",
    "logs": "firebase functions:log"
  },
  "engines": {
    "node": "18"
  },
  "main": "index.js",
  "dependencies": {
    "firebase-admin": "^10.0.2",
    "firebase-functions": "^3.18.0",
    "multer": "^1.4.5-lts.2"
  },
  "devDependencies": {
    "firebase-functions-test": "^0.2.0"
  },
  "private": true
}
[debug] [2025-04-06T07:28:16.075Z] Building nodejs source
[debug] [2025-04-06T07:28:16.075Z] Failed to find version of module node: reached end of search path /Users/blackcorp/Desktop/NodeJs/BizHub-Server/functions/node_modules
[warn] ⚠  functions: Your requested "node" version "18" doesn't match your global version "22". Using node@22 from host. 
[info] i  functions: You are using a version of firebase-functions SDK (3.24.1) that does not have support for the newest Firebase Extensions features. Please update firebase-functions SDK to >=5.1.0 to use them correctly 
[debug] [2025-04-06T07:28:16.076Z] Could not find functions.yaml. Must use http discovery
[debug] [2025-04-06T07:28:16.077Z] Found firebase-functions binary at '/Users/blackcorp/Desktop/NodeJs/BizHub-Server/functions/node_modules/.bin/firebase-functions'
[info] Serving at port 8897

[info] Server is running on 8085

[debug] [2025-04-06T07:28:16.258Z] Got response from /__/functions.yaml {"endpoints":{"api":{"platform":"gcfv1","httpsTrigger":{},"entryPoint":"api"}},"specVersion":"v1alpha1","requiredAPIs":[]}
[debug] [2025-04-06T07:28:20.224Z] DEBUG: File /Users/blackcorp/Desktop/NodeJs/BizHub-Server/functions/index.js changed, reloading triggers
[debug] [2025-04-06T07:28:21.226Z] Validating nodejs source
[warn] ⚠  functions: package.json indicates an outdated version of firebase-functions. Please upgrade using npm install --save firebase-functions@latest in your functions directory. 
[warn] ⚠  functions: Please note that there will be breaking changes when you upgrade. 
[debug] [2025-04-06T07:28:21.660Z] > [functions] package.json contents: {
  "name": "functions",
  "description": "Cloud Functions for Firebase",
  "scripts": {
    "serve": "firebase emulators:start --only functions",
    "shell": "firebase functions:shell",
    "start": "npm run shell",
    "deploy": "firebase deploy --only functions",
    "logs": "firebase functions:log"
  },
  "engines": {
    "node": "18"
  },
  "main": "index.js",
  "dependencies": {
    "firebase-admin": "^10.0.2",
    "firebase-functions": "^3.18.0",
    "multer": "^1.4.5-lts.2"
  },
  "devDependencies": {
    "firebase-functions-test": "^0.2.0"
  },
  "private": true
}
[debug] [2025-04-06T07:28:21.660Z] Building nodejs source
[debug] [2025-04-06T07:28:21.660Z] Failed to find version of module node: reached end of search path /Users/blackcorp/Desktop/NodeJs/BizHub-Server/functions/node_modules
[warn] ⚠  functions: Your requested "node" version "18" doesn't match your global version "22". Using node@22 from host. 
[info] i  functions: You are using a version of firebase-functions SDK (3.24.1) that does not have support for the newest Firebase Extensions features. Please update firebase-functions SDK to >=5.1.0 to use them correctly 
[debug] [2025-04-06T07:28:21.661Z] Could not find functions.yaml. Must use http discovery
[debug] [2025-04-06T07:28:21.662Z] Found firebase-functions binary at '/Users/blackcorp/Desktop/NodeJs/BizHub-Server/functions/node_modules/.bin/firebase-functions'
[info] shutdown requested via /__/quitquitquit

[info] Serving at port 8727

[error] node:events:498
      throw er; // Unhandled 'error' event
      ^

Error: listen EADDRINUSE: address already in use :::8085
    at Server.setupListenHandle [as _listen2] (node:net:1903:16)
    at listenInCluster (node:net:1960:12)
    at Server.listen (node:net:2062:7)
    at Function.listen (/Users/blackcorp/Desktop/NodeJs/BizHub-Server/functions/node_modules/express/lib/application.js:635:24)
    at Object.<anonymous> (/Users/blackcorp/Desktop/NodeJs/BizHub-Server/functions/index.js:132:5)
    at Module._compile (node:internal/modules/cjs/loader:1546:14)
    at Module._extensions..js (node:internal/modules/cjs/loader:1691:10)
    at Module.load (node:internal/modules/cjs/loader:1317:32)
    at Module._load (node:internal/modules/cjs/loader:1127:12)
    at TracingChannel.traceSync (node:diagnostics_channel:315:14)
Emitted 'error' event on Server instance at:
    at emitErrorNT (node:net:1939:8)
    at process.processTicksAndRejections (node:internal/process/task_queues:90:21) {
  code: 'EADDRINUSE',
  errno: -48,
  syscall: 'listen',
  address: '::',
  port: 8085
}

Node.js v22.8.0

[debug] [2025-04-06T07:28:26.263Z] [functions] Loaded functions definitions from source: api.
[debug] [2025-04-06T07:28:31.703Z] Failed to call quitquitquit. This often means the server failed to start request to http://localhost:8727/__/quitquitquit failed, reason:  {"message":"request to http://localhost:8727/__/quitquitquit failed, reason: ","type":"system","errno":"ECONNREFUSED","code":"ECONNREFUSED"}
[debug] [2025-04-06T07:28:44.965Z] DEBUG: File /Users/blackcorp/Desktop/NodeJs/BizHub-Server/functions/index.js changed, reloading triggers
[debug] [2025-04-06T07:28:45.575Z] DEBUG: File /Users/blackcorp/Desktop/NodeJs/BizHub-Server/functions/index.js changed, reloading triggers
[debug] [2025-04-06T07:28:46.578Z] Validating nodejs source
[warn] ⚠  functions: package.json indicates an outdated version of firebase-functions. Please upgrade using npm install --save firebase-functions@latest in your functions directory. 
[warn] ⚠  functions: Please note that there will be breaking changes when you upgrade. 
[debug] [2025-04-06T07:28:47.231Z] > [functions] package.json contents: {
  "name": "functions",
  "description": "Cloud Functions for Firebase",
  "scripts": {
    "serve": "firebase emulators:start --only functions",
    "shell": "firebase functions:shell",
    "start": "npm run shell",
    "deploy": "firebase deploy --only functions",
    "logs": "firebase functions:log"
  },
  "engines": {
    "node": "18"
  },
  "main": "index.js",
  "dependencies": {
    "firebase-admin": "^10.0.2",
    "firebase-functions": "^3.18.0",
    "multer": "^1.4.5-lts.2"
  },
  "devDependencies": {
    "firebase-functions-test": "^0.2.0"
  },
  "private": true
}
[debug] [2025-04-06T07:28:47.231Z] Building nodejs source
[debug] [2025-04-06T07:28:47.231Z] Failed to find version of module node: reached end of search path /Users/blackcorp/Desktop/NodeJs/BizHub-Server/functions/node_modules
[warn] ⚠  functions: Your requested "node" version "18" doesn't match your global version "22". Using node@22 from host. 
[info] i  functions: You are using a version of firebase-functions SDK (3.24.1) that does not have support for the newest Firebase Extensions features. Please update firebase-functions SDK to >=5.1.0 to use them correctly 
[debug] [2025-04-06T07:28:47.231Z] Could not find functions.yaml. Must use http discovery
[debug] [2025-04-06T07:28:47.232Z] Found firebase-functions binary at '/Users/blackcorp/Desktop/NodeJs/BizHub-Server/functions/node_modules/.bin/firebase-functions'
[info] Serving at port 8030

[info] Server is running on 8085

[debug] [2025-04-06T07:28:47.401Z] Got response from /__/functions.yaml {"endpoints":{"api":{"platform":"gcfv1","httpsTrigger":{},"entryPoint":"api"}},"specVersion":"v1alpha1","requiredAPIs":[]}
[debug] [2025-04-06T07:28:47.532Z] DEBUG: File /Users/blackcorp/Desktop/NodeJs/BizHub-Server/functions/index.js changed, reloading triggers
[debug] [2025-04-06T07:28:48.534Z] Validating nodejs source
[warn] ⚠  functions: package.json indicates an outdated version of firebase-functions. Please upgrade using npm install --save firebase-functions@latest in your functions directory. 
[warn] ⚠  functions: Please note that there will be breaking changes when you upgrade. 
[debug] [2025-04-06T07:28:49.152Z] > [functions] package.json contents: {
  "name": "functions",
  "description": "Cloud Functions for Firebase",
  "scripts": {
    "serve": "firebase emulators:start --only functions",
    "shell": "firebase functions:shell",
    "start": "npm run shell",
    "deploy": "firebase deploy --only functions",
    "logs": "firebase functions:log"
  },
  "engines": {
    "node": "18"
  },
  "main": "index.js",
  "dependencies": {
    "firebase-admin": "^10.0.2",
    "firebase-functions": "^3.18.0",
    "multer": "^1.4.5-lts.2"
  },
  "devDependencies": {
    "firebase-functions-test": "^0.2.0"
  },
  "private": true
}
[debug] [2025-04-06T07:28:49.153Z] Building nodejs source
[debug] [2025-04-06T07:28:49.153Z] Failed to find version of module node: reached end of search path /Users/blackcorp/Desktop/NodeJs/BizHub-Server/functions/node_modules
[warn] ⚠  functions: Your requested "node" version "18" doesn't match your global version "22". Using node@22 from host. 
[info] i  functions: You are using a version of firebase-functions SDK (3.24.1) that does not have support for the newest Firebase Extensions features. Please update firebase-functions SDK to >=5.1.0 to use them correctly 
[debug] [2025-04-06T07:28:49.153Z] Could not find functions.yaml. Must use http discovery
[debug] [2025-04-06T07:28:49.154Z] Found firebase-functions binary at '/Users/blackcorp/Desktop/NodeJs/BizHub-Server/functions/node_modules/.bin/firebase-functions'
[info] Serving at port 8864

[error] node:events:498
      throw er; // Unhandled 'error' event
      ^

Error: listen EADDRINUSE: address already in use :::8085
    at Server.setupListenHandle [as _listen2] (node:net:1903:16)
    at listenInCluster (node:net:1960:12)
    at Server.listen (node:net:2062:7)
    at Function.listen (/Users/blackcorp/Desktop/NodeJs/BizHub-Server/functions/node_modules/express/lib/application.js:635:24)
    at Object.<anonymous> (/Users/blackcorp/Desktop/NodeJs/BizHub-Server/functions/index.js:132:5)
    at Module._compile (node:internal/modules/cjs/loader:1546:14)
    at Module._extensions..js (node:internal/modules/cjs/loader:1691:10)
    at Module.load (node:internal/modules/cjs/loader:1317:32)
    at Module._load (node:internal/modules/cjs/loader:1127:12)
    at TracingChannel.traceSync (node:diagnostics_channel:315:14)
Emitted 'error' event on Server instance at:
    at emitErrorNT (node:net:1939:8)
    at process.processTicksAndRejections (node:internal/process/task_queues:90:21) {
  code: 'EADDRINUSE',
  errno: -48,
  syscall: 'listen',
  address: '::',
  port: 8085
}

Node.js v22.8.0

[debug] [2025-04-06T07:28:50.554Z] DEBUG: File /Users/blackcorp/Desktop/NodeJs/BizHub-Server/functions/index.js changed, reloading triggers
[debug] [2025-04-06T07:28:51.554Z] Validating nodejs source
[warn] ⚠  functions: package.json indicates an outdated version of firebase-functions. Please upgrade using npm install --save firebase-functions@latest in your functions directory. 
[warn] ⚠  functions: Please note that there will be breaking changes when you upgrade. 
[debug] [2025-04-06T07:28:51.979Z] > [functions] package.json contents: {
  "name": "functions",
  "description": "Cloud Functions for Firebase",
  "scripts": {
    "serve": "firebase emulators:start --only functions",
    "shell": "firebase functions:shell",
    "start": "npm run shell",
    "deploy": "firebase deploy --only functions",
    "logs": "firebase functions:log"
  },
  "engines": {
    "node": "18"
  },
  "main": "index.js",
  "dependencies": {
    "firebase-admin": "^10.0.2",
    "firebase-functions": "^3.18.0",
    "multer": "^1.4.5-lts.2"
  },
  "devDependencies": {
    "firebase-functions-test": "^0.2.0"
  },
  "private": true
}
[debug] [2025-04-06T07:28:51.979Z] Building nodejs source
[debug] [2025-04-06T07:28:51.979Z] Failed to find version of module node: reached end of search path /Users/blackcorp/Desktop/NodeJs/BizHub-Server/functions/node_modules
[warn] ⚠  functions: Your requested "node" version "18" doesn't match your global version "22". Using node@22 from host. 
[info] i  functions: You are using a version of firebase-functions SDK (3.24.1) that does not have support for the newest Firebase Extensions features. Please update firebase-functions SDK to >=5.1.0 to use them correctly 
[debug] [2025-04-06T07:28:51.980Z] Could not find functions.yaml. Must use http discovery
[debug] [2025-04-06T07:28:51.980Z] Found firebase-functions binary at '/Users/blackcorp/Desktop/NodeJs/BizHub-Server/functions/node_modules/.bin/firebase-functions'
[info] Serving at port 8392

[error] node:events:498
      throw er; // Unhandled 'error' event
      ^

Error: listen EADDRINUSE: address already in use :::8085
    at Server.setupListenHandle [as _listen2] (node:net:1903:16)
    at listenInCluster (node:net:1960:12)
    at Server.listen (node:net:2062:7)
    at Function.listen (/Users/blackcorp/Desktop/NodeJs/BizHub-Server/functions/node_modules/express/lib/application.js:635:24)
    at Object.<anonymous> (/Users/blackcorp/Desktop/NodeJs/BizHub-Server/functions/index.js:132:5)
    at Module._compile (node:internal/modules/cjs/loader:1546:14)
    at Module._extensions..js (node:internal/modules/cjs/loader:1691:10)
    at Module.load (node:internal/modules/cjs/loader:1317:32)
    at Module._load (node:internal/modules/cjs/loader:1127:12)
    at TracingChannel.traceSync (node:diagnostics_channel:315:14)
Emitted 'error' event on Server instance at:
    at emitErrorNT (node:net:1939:8)
    at process.processTicksAndRejections (node:internal/process/task_queues:90:21) {
  code: 'EADDRINUSE',
  errno: -48,
  syscall: 'listen',
  address: '::',
  port: 8085
}

Node.js v22.8.0

[info] shutdown requested via /__/quitquitquit

[debug] [2025-04-06T07:28:57.407Z] [functions] Loaded functions definitions from source: api.
[debug] [2025-04-06T07:28:57.830Z] DEBUG: File /Users/blackcorp/Desktop/NodeJs/BizHub-Server/functions/index.js changed, reloading triggers
[debug] [2025-04-06T07:28:58.831Z] Validating nodejs source
[warn] ⚠  functions: package.json indicates an outdated version of firebase-functions. Please upgrade using npm install --save firebase-functions@latest in your functions directory. 
[warn] ⚠  functions: Please note that there will be breaking changes when you upgrade. 
[debug] [2025-04-06T07:28:59.233Z] > [functions] package.json contents: {
  "name": "functions",
  "description": "Cloud Functions for Firebase",
  "scripts": {
    "serve": "firebase emulators:start --only functions",
    "shell": "firebase functions:shell",
    "start": "npm run shell",
    "deploy": "firebase deploy --only functions",
    "logs": "firebase functions:log"
  },
  "engines": {
    "node": "18"
  },
  "main": "index.js",
  "dependencies": {
    "firebase-admin": "^10.0.2",
    "firebase-functions": "^3.18.0",
    "multer": "^1.4.5-lts.2"
  },
  "devDependencies": {
    "firebase-functions-test": "^0.2.0"
  },
  "private": true
}
[debug] [2025-04-06T07:28:59.233Z] Building nodejs source
[debug] [2025-04-06T07:28:59.233Z] Failed to find version of module node: reached end of search path /Users/blackcorp/Desktop/NodeJs/BizHub-Server/functions/node_modules
[warn] ⚠  functions: Your requested "node" version "18" doesn't match your global version "22". Using node@22 from host. 
[info] i  functions: You are using a version of firebase-functions SDK (3.24.1) that does not have support for the newest Firebase Extensions features. Please update firebase-functions SDK to >=5.1.0 to use them correctly 
[debug] [2025-04-06T07:28:59.277Z] Could not find functions.yaml. Must use http discovery
[debug] [2025-04-06T07:28:59.278Z] Found firebase-functions binary at '/Users/blackcorp/Desktop/NodeJs/BizHub-Server/functions/node_modules/.bin/firebase-functions'
[debug] [2025-04-06T07:28:59.280Z] Failed to call quitquitquit. This often means the server failed to start request to http://localhost:8864/__/quitquitquit failed, reason:  {"message":"request to http://localhost:8864/__/quitquitquit failed, reason: ","type":"system","errno":"ECONNREFUSED","code":"ECONNREFUSED"}
[info] Serving at port 8017

[info] Server is running on 8085

[debug] [2025-04-06T07:28:59.448Z] Got response from /__/functions.yaml {"endpoints":{"api":{"platform":"gcfv1","httpsTrigger":{},"entryPoint":"api"}},"specVersion":"v1alpha1","requiredAPIs":[]}
[debug] [2025-04-06T07:29:02.029Z] Failed to call quitquitquit. This often means the server failed to start request to http://localhost:8392/__/quitquitquit failed, reason:  {"message":"request to http://localhost:8392/__/quitquitquit failed, reason: ","type":"system","errno":"ECONNREFUSED","code":"ECONNREFUSED"}
[info] shutdown requested via /__/quitquitquit

[debug] [2025-04-06T07:29:09.457Z] [functions] Loaded functions definitions from source: api.
[debug] [2025-04-06T07:29:36.310Z] DEBUG: File /Users/blackcorp/Desktop/NodeJs/BizHub-Server/functions/index.js changed, reloading triggers
[debug] [2025-04-06T07:29:37.311Z] Validating nodejs source
[warn] ⚠  functions: package.json indicates an outdated version of firebase-functions. Please upgrade using npm install --save firebase-functions@latest in your functions directory. 
[warn] ⚠  functions: Please note that there will be breaking changes when you upgrade. 
[debug] [2025-04-06T07:29:38.035Z] > [functions] package.json contents: {
  "name": "functions",
  "description": "Cloud Functions for Firebase",
  "scripts": {
    "serve": "firebase emulators:start --only functions",
    "shell": "firebase functions:shell",
    "start": "npm run shell",
    "deploy": "firebase deploy --only functions",
    "logs": "firebase functions:log"
  },
  "engines": {
    "node": "18"
  },
  "main": "index.js",
  "dependencies": {
    "firebase-admin": "^10.0.2",
    "firebase-functions": "^3.18.0",
    "multer": "^1.4.5-lts.2"
  },
  "devDependencies": {
    "firebase-functions-test": "^0.2.0"
  },
  "private": true
}
[debug] [2025-04-06T07:29:38.035Z] Building nodejs source
[debug] [2025-04-06T07:29:38.035Z] Failed to find version of module node: reached end of search path /Users/blackcorp/Desktop/NodeJs/BizHub-Server/functions/node_modules
[warn] ⚠  functions: Your requested "node" version "18" doesn't match your global version "22". Using node@22 from host. 
[info] i  functions: You are using a version of firebase-functions SDK (3.24.1) that does not have support for the newest Firebase Extensions features. Please update firebase-functions SDK to >=5.1.0 to use them correctly 
[debug] [2025-04-06T07:29:38.035Z] Could not find functions.yaml. Must use http discovery
[debug] [2025-04-06T07:29:38.036Z] Found firebase-functions binary at '/Users/blackcorp/Desktop/NodeJs/BizHub-Server/functions/node_modules/.bin/firebase-functions'
[info] Serving at port 8496

[info] Server is running on 8085

[debug] [2025-04-06T07:29:38.324Z] Got response from /__/functions.yaml {"endpoints":{"api":{"platform":"gcfv1","httpsTrigger":{},"entryPoint":"api"}},"specVersion":"v1alpha1","requiredAPIs":[]}
[debug] [2025-04-06T07:29:39.851Z] DEBUG: File /Users/blackcorp/Desktop/NodeJs/BizHub-Server/functions/index.js changed, reloading triggers
[debug] [2025-04-06T07:29:40.854Z] Validating nodejs source
[warn] ⚠  functions: package.json indicates an outdated version of firebase-functions. Please upgrade using npm install --save firebase-functions@latest in your functions directory. 
[warn] ⚠  functions: Please note that there will be breaking changes when you upgrade. 
[debug] [2025-04-06T07:29:41.302Z] > [functions] package.json contents: {
  "name": "functions",
  "description": "Cloud Functions for Firebase",
  "scripts": {
    "serve": "firebase emulators:start --only functions",
    "shell": "firebase functions:shell",
    "start": "npm run shell",
    "deploy": "firebase deploy --only functions",
    "logs": "firebase functions:log"
  },
  "engines": {
    "node": "18"
  },
  "main": "index.js",
  "dependencies": {
    "firebase-admin": "^10.0.2",
    "firebase-functions": "^3.18.0",
    "multer": "^1.4.5-lts.2"
  },
  "devDependencies": {
    "firebase-functions-test": "^0.2.0"
  },
  "private": true
}
[debug] [2025-04-06T07:29:41.302Z] Building nodejs source
[debug] [2025-04-06T07:29:41.302Z] Failed to find version of module node: reached end of search path /Users/blackcorp/Desktop/NodeJs/BizHub-Server/functions/node_modules
[warn] ⚠  functions: Your requested "node" version "18" doesn't match your global version "22". Using node@22 from host. 
[info] i  functions: You are using a version of firebase-functions SDK (3.24.1) that does not have support for the newest Firebase Extensions features. Please update firebase-functions SDK to >=5.1.0 to use them correctly 
[debug] [2025-04-06T07:29:41.302Z] Could not find functions.yaml. Must use http discovery
[debug] [2025-04-06T07:29:41.303Z] Found firebase-functions binary at '/Users/blackcorp/Desktop/NodeJs/BizHub-Server/functions/node_modules/.bin/firebase-functions'
[info] Serving at port 8442

[error] node:events:498
      throw er; // Unhandled 'error' event
      ^

Error: listen EADDRINUSE: address already in use :::8085
    at Server.setupListenHandle [as _listen2] (node:net:1903:16)
    at listenInCluster (node:net:1960:12)
    at Server.listen (node:net:2062:7)
    at Function.listen (/Users/blackcorp/Desktop/NodeJs/BizHub-Server/functions/node_modules/express/lib/application.js:635:24)
    at Object.<anonymous> (/Users/blackcorp/Desktop/NodeJs/BizHub-Server/functions/index.js:132:5)
    at Module._compile (node:internal/modules/cjs/loader:1546:14)
    at Module._extensions..js (node:internal/modules/cjs/loader:1691:10)
    at Module.load (node:internal/modules/cjs/loader:1317:32)
    at Module._load (node:internal/modules/cjs/loader:1127:12)
    at TracingChannel.traceSync (node:diagnostics_channel:315:14)
Emitted 'error' event on Server instance at:
    at emitErrorNT (node:net:1939:8)
    at process.processTicksAndRejections (node:internal/process/task_queues:90:21) {
  code: 'EADDRINUSE',
  errno: -48,
  syscall: 'listen',
  address: '::',
  port: 8085
}

Node.js v22.8.0

[info] shutdown requested via /__/quitquitquit

[debug] [2025-04-06T07:29:46.009Z] DEBUG: File /Users/blackcorp/Desktop/NodeJs/BizHub-Server/functions/index.js changed, reloading triggers
[debug] [2025-04-06T07:29:46.310Z] DEBUG: File /Users/blackcorp/Desktop/NodeJs/BizHub-Server/functions/index.js changed, reloading triggers
[debug] [2025-04-06T07:29:46.512Z] DEBUG: File /Users/blackcorp/Desktop/NodeJs/BizHub-Server/functions/index.js changed, reloading triggers
[debug] [2025-04-06T07:29:47.511Z] Validating nodejs source
[warn] ⚠  functions: package.json indicates an outdated version of firebase-functions. Please upgrade using npm install --save firebase-functions@latest in your functions directory. 
[warn] ⚠  functions: Please note that there will be breaking changes when you upgrade. 
[debug] [2025-04-06T07:29:47.924Z] > [functions] package.json contents: {
  "name": "functions",
  "description": "Cloud Functions for Firebase",
  "scripts": {
    "serve": "firebase emulators:start --only functions",
    "shell": "firebase functions:shell",
    "start": "npm run shell",
    "deploy": "firebase deploy --only functions",
    "logs": "firebase functions:log"
  },
  "engines": {
    "node": "18"
  },
  "main": "index.js",
  "dependencies": {
    "firebase-admin": "^10.0.2",
    "firebase-functions": "^3.18.0",
    "multer": "^1.4.5-lts.2"
  },
  "devDependencies": {
    "firebase-functions-test": "^0.2.0"
  },
  "private": true
}
[debug] [2025-04-06T07:29:47.924Z] Building nodejs source
[debug] [2025-04-06T07:29:47.924Z] Failed to find version of module node: reached end of search path /Users/blackcorp/Desktop/NodeJs/BizHub-Server/functions/node_modules
[warn] ⚠  functions: Your requested "node" version "18" doesn't match your global version "22". Using node@22 from host. 
[info] i  functions: You are using a version of firebase-functions SDK (3.24.1) that does not have support for the newest Firebase Extensions features. Please update firebase-functions SDK to >=5.1.0 to use them correctly 
[debug] [2025-04-06T07:29:47.925Z] Could not find functions.yaml. Must use http discovery
[debug] [2025-04-06T07:29:47.926Z] Found firebase-functions binary at '/Users/blackcorp/Desktop/NodeJs/BizHub-Server/functions/node_modules/.bin/firebase-functions'
[info] Serving at port 8803

[error] node:events:498
      throw er; // Unhandled 'error' event
      ^

Error: listen EADDRINUSE: address already in use :::8085
    at Server.setupListenHandle [as _listen2] (node:net:1903:16)
    at listenInCluster (node:net:1960:12)
    at Server.listen (node:net:2062:7)
    at Function.listen (/Users/blackcorp/Desktop/NodeJs/BizHub-Server/functions/node_modules/express/lib/application.js:635:24)
    at Object.<anonymous> (/Users/blackcorp/Desktop/NodeJs/BizHub-Server/functions/index.js:132:5)
    at Module._compile (node:internal/modules/cjs/loader:1546:14)
    at Module._extensions..js (node:internal/modules/cjs/loader:1691:10)
    at Module.load (node:internal/modules/cjs/loader:1317:32)
    at Module._load (node:internal/modules/cjs/loader:1127:12)
    at TracingChannel.traceSync (node:diagnostics_channel:315:14)
Emitted 'error' event on Server instance at:
    at emitErrorNT (node:net:1939:8)
    at process.processTicksAndRejections (node:internal/process/task_queues:90:21) {
  code: 'EADDRINUSE',
  errno: -48,
  syscall: 'listen',
  address: '::',
  port: 8085
}

Node.js v22.8.0

[debug] [2025-04-06T07:29:48.331Z] [functions] Loaded functions definitions from source: api.
[debug] [2025-04-06T07:29:51.339Z] Failed to call quitquitquit. This often means the server failed to start request to http://localhost:8442/__/quitquitquit failed, reason:  {"message":"request to http://localhost:8442/__/quitquitquit failed, reason: ","type":"system","errno":"ECONNREFUSED","code":"ECONNREFUSED"}
[debug] [2025-04-06T07:29:55.749Z] DEBUG: File /Users/blackcorp/Desktop/NodeJs/BizHub-Server/functions/index.js changed, reloading triggers
[debug] [2025-04-06T07:29:56.750Z] Validating nodejs source
[warn] ⚠  functions: package.json indicates an outdated version of firebase-functions. Please upgrade using npm install --save firebase-functions@latest in your functions directory. 
[warn] ⚠  functions: Please note that there will be breaking changes when you upgrade. 
[debug] [2025-04-06T07:29:57.201Z] > [functions] package.json contents: {
  "name": "functions",
  "description": "Cloud Functions for Firebase",
  "scripts": {
    "serve": "firebase emulators:start --only functions",
    "shell": "firebase functions:shell",
    "start": "npm run shell",
    "deploy": "firebase deploy --only functions",
    "logs": "firebase functions:log"
  },
  "engines": {
    "node": "18"
  },
  "main": "index.js",
  "dependencies": {
    "firebase-admin": "^10.0.2",
    "firebase-functions": "^3.18.0",
    "multer": "^1.4.5-lts.2"
  },
  "devDependencies": {
    "firebase-functions-test": "^0.2.0"
  },
  "private": true
}
[debug] [2025-04-06T07:29:57.202Z] Building nodejs source
[debug] [2025-04-06T07:29:57.202Z] Failed to find version of module node: reached end of search path /Users/blackcorp/Desktop/NodeJs/BizHub-Server/functions/node_modules
[warn] ⚠  functions: Your requested "node" version "18" doesn't match your global version "22". Using node@22 from host. 
[info] i  functions: You are using a version of firebase-functions SDK (3.24.1) that does not have support for the newest Firebase Extensions features. Please update firebase-functions SDK to >=5.1.0 to use them correctly 
[debug] [2025-04-06T07:29:57.202Z] Could not find functions.yaml. Must use http discovery
[debug] [2025-04-06T07:29:57.203Z] Found firebase-functions binary at '/Users/blackcorp/Desktop/NodeJs/BizHub-Server/functions/node_modules/.bin/firebase-functions'
[info] Serving at port 8265

[info] Server is running on 8085

[debug] [2025-04-06T07:29:57.379Z] Got response from /__/functions.yaml {"endpoints":{"api":{"platform":"gcfv1","httpsTrigger":{},"entryPoint":"api"}},"specVersion":"v1alpha1","requiredAPIs":[]}
[debug] [2025-04-06T07:29:57.970Z] Failed to call quitquitquit. This often means the server failed to start request to http://localhost:8803/__/quitquitquit failed, reason:  {"message":"request to http://localhost:8803/__/quitquitquit failed, reason: ","type":"system","errno":"ECONNREFUSED","code":"ECONNREFUSED"}
[info] shutdown requested via /__/quitquitquit

[debug] [2025-04-06T07:30:07.389Z] [functions] Loaded functions definitions from source: api.
